21:37:55 **** Incremental Build of configuration Debug for project CTRL ****
make all 
Invoking: Print Size
avr-size --format=avr --mcu=atmega32 CTRL.elf
AVR Memory Usage
----------------
Device: atmega32

Program:   11308 bytes (34.5% Full)
(.text + .data + .bootloader)

Data:        315 bytes (15.4% Full)
(.data + .bss + .noinit)


Finished building: sizedummy
 
21:51:03 **** Incremental Build of configuration Debug for project CTRL ****
make all 
Building file: ../CTRL_Helpers.c
Invoking: AVR Compiler
avr-gcc -Wall -g2 -gstabs -O0 -fpack-struct -fshort-enums -ffunction-sections -fdata-sections -std=gnu99 -funsigned-char -funsigned-bitfields -mmcu=atmega32 -DF_CPU=8000000UL -MMD -MP -MF"CTRL_Helpers.d" -MT"CTRL_Helpers.o" -c -o "CTRL_Helpers.o" "../CTRL_Helpers.c"
In file included from ../CTRL_Helpers.h:18,
                 from ../CTRL_Helpers.c:11:
c:/winavr-20100110/lib/gcc/../../avr/include/util/delay.h:90:3: warning: #warning "Compiler optimizations disabled; functions from <util/delay.h> won't work as designed"
Finished building: ../CTRL_Helpers.c
 
Building file: ../CTRL_main.c
Invoking: AVR Compiler
avr-gcc -Wall -g2 -gstabs -O0 -fpack-struct -fshort-enums -ffunction-sections -fdata-sections -std=gnu99 -funsigned-char -funsigned-bitfields -mmcu=atmega32 -DF_CPU=8000000UL -MMD -MP -MF"CTRL_main.d" -MT"CTRL_main.o" -c -o "CTRL_main.o" "../CTRL_main.c"
In file included from ../CTRL_Helpers.h:18,
                 from ../CTRL_main.c:10:
c:/winavr-20100110/lib/gcc/../../avr/include/util/delay.h:90:3: warning: #warning "Compiler optimizations disabled; functions from <util/delay.h> won't work as designed"
Finished building: ../CTRL_main.c
 
Building target: CTRL.elf
Invoking: AVR C Linker
avr-gcc -Wl,-Map,CTRL.map -mmcu=atmega32 -o "CTRL.elf"  ./CTRL_Helpers.o ./CTRL_main.o ./buzzer.o ./dcmotor.o ./external_eeprom.o ./gpio.o ./timer0.o ./timer1.o ./twi.o ./uart.o   
Finished building target: CTRL.elf
 
Invoking: AVR Create Extended Listing
avr-objdump -h -S CTRL.elf  >"CTRL.lss"
Finished building: CTRL.lss
 
Invoking: Print Size
avr-size --format=avr --mcu=atmega32 CTRL.elf
AVR Memory Usage
----------------
Device: atmega32

Program:   11308 bytes (34.5% Full)
(.text + .data + .bootloader)

Data:        315 bytes (15.4% Full)
(.data + .bss + .noinit)


Finished building: sizedummy
 
21:51:05 **** Incremental Build of configuration Debug for project HMI ****
make all 
Building file: ../HMI_Helpers.c
Invoking: AVR Compiler
avr-gcc -Wall -g2 -gstabs -O0 -fpack-struct -fshort-enums -ffunction-sections -fdata-sections -std=gnu99 -funsigned-char -funsigned-bitfields -mmcu=atmega32 -DF_CPU=8000000UL -MMD -MP -MF"HMI_Helpers.d" -MT"HMI_Helpers.o" -c -o "HMI_Helpers.o" "../HMI_Helpers.c"
In file included from ../HMI_Helpers.c:10:
c:/winavr-20100110/lib/gcc/../../avr/include/util/delay.h:90:3: warning: #warning "Compiler optimizations disabled; functions from <util/delay.h> won't work as designed"
Finished building: ../HMI_Helpers.c
 
Building file: ../HMI_main.c
Invoking: AVR Compiler
avr-gcc -Wall -g2 -gstabs -O0 -fpack-struct -fshort-enums -ffunction-sections -fdata-sections -std=gnu99 -funsigned-char -funsigned-bitfields -mmcu=atmega32 -DF_CPU=8000000UL -MMD -MP -MF"HMI_main.d" -MT"HMI_main.o" -c -o "HMI_main.o" "../HMI_main.c"
In file included from ../HMI_main.c:10:
c:/winavr-20100110/lib/gcc/../../avr/include/util/delay.h:90:3: warning: #warning "Compiler optimizations disabled; functions from <util/delay.h> won't work as designed"
Finished building: ../HMI_main.c
 
Building target: HMI.elf
Invoking: AVR C Linker
avr-gcc -Wl,-Map,HMI.map -mmcu=atmega32 -o "HMI.elf"  ./HMI_Helpers.o ./HMI_main.o ./gpio.o ./keypad.o ./lcd.o ./timer1.o ./uart.o   
Finished building target: HMI.elf
 
Invoking: AVR Create Extended Listing
avr-objdump -h -S HMI.elf  >"HMI.lss"
Finished building: HMI.lss
 
Invoking: Print Size
avr-size --format=avr --mcu=atmega32 HMI.elf
AVR Memory Usage
----------------
Device: atmega32

Program:   15096 bytes (46.1% Full)
(.text + .data + .bootloader)

Data:        222 bytes (10.8% Full)
(.data + .bss + .noinit)


Finished building: sizedummy
 
21:51:09 **** Incremental Build of configuration Debug for project CTRL ****
make all 
Invoking: Print Size
avr-size --format=avr --mcu=atmega32 CTRL.elf
AVR Memory Usage
----------------
Device: atmega32

Program:   11308 bytes (34.5% Full)
(.text + .data + .bootloader)

Data:        315 bytes (15.4% Full)
(.data + .bss + .noinit)


Finished building: sizedummy
 
21:51:09 **** Incremental Build of configuration Debug for project HMI ****
make all 
Invoking: Print Size
avr-size --format=avr --mcu=atmega32 HMI.elf
AVR Memory Usage
----------------
Device: atmega32

Program:   15096 bytes (46.1% Full)
(.text + .data + .bootloader)

Data:        222 bytes (10.8% Full)
(.data + .bss + .noinit)


Finished building: sizedummy
 
